<?xml version="1.0" encoding="utf-8"?><testsuites><testsuite name="pytest" errors="0" failures="1" skipped="0" tests="3" time="31.059" timestamp="2023-12-20T16:21:25.797683" hostname="CARMEL-QA3L"><testcase classname="test_HomePage.TestHomePage" name="test_formSubmission[getData0]" time="14.720" /><testcase classname="test_HomePage.TestHomePage" name="test_formSubmission[getData1]" time="1.248" /><testcase classname="test_e2e.TestOne" name="test_e2e" time="14.794"><failure message="AssertionError: assert '! Thank yu' in '×\nSuccess! Thank you! Your order will be delivered in next few weeks :-).'">self = &lt;tests.test_e2e.TestOne object at 0x0000016DE7E60BD0&gt;

    def test_e2e(self):
        log = self.getlogger()
        driver = self.driver
        hp = HomePage(driver)
        cp = hp.shopItems()
        log.info("Navigated to products page")
    
        prods = cp.getCardTitle()
        log.info("Getting all products title")
        prodToAdd = "Blackberry"
    
        j=-1
        for i in prods:
            j += 1
            sr = i.text
    
            if sr == prodToAdd:
                cp.getAddToCart()[j].click()
        log.info("Added desired product in the cart")
        cp.navigateToCheckOut().click()
        log.info("Navigated to checkout page")
        cfmPage = cp.checkOutItemsPage()
        log.info("Navigated to purchase order page")
    
        cfmPage.enterCountry("ind")
        log.info("Entered country name")
    
        self.verifyLinkPresence()
        # wait = WebDriverWait(driver, 10)
        # wait.until(expected_conditions.presence_of_element_located((By.CLASS_NAME, "suggestions")))
    
        cfmPage.selectCountry()
        cfmPage.checkTermsCond()
    
        cfmPage.clickPurchaseField()
        sp = cfmPage.getAlertMsg()
    
&gt;       assert "! Thank yu" in sp
E       AssertionError: assert '! Thank yu' in '×\nSuccess! Thank you! Your order will be delivered in next few weeks :-).'

test_e2e.py:52: AssertionError</failure></testcase></testsuite></testsuites>